Tuskjar

Level 1 of the Dungeon
(0, 0, D:1)
  a scroll of vulnerability
(18, -34, D:1)
  a +0 mace
(20, -16, D:1)
  a +0 club
(28, -35, D:1)
  a +0 flail
(28, -18, D:1)
  17 stones
(29, -18, D:1)
  a +0 dagger
  4 stones
(30, -16, D:1)
  a +0 club
(32, -5, D:1)
  a cursed -2 club
(35, 5, D:1)
  21 stones
(36, -21, D:1)
  a scroll of torment
(51, -7, D:1)
  a potion of degeneration
(52, -24, D:1)
  a +0 hunting sling
(52, -5, D:1)
  a potion of degeneration
(58, -22, D:1)
  13 stones

Level 2 of the Dungeon
(0, 0, D:2)
  a +0 robe
(0, 14, D:2)
  a +0 short sword
(3, 13, D:2)
  a +0 mace
(6, 2, D:2)
  a +0 dagger
(17, 34, D:2)
  a +0 club
(19, 46, D:2)
  a +0 club
(20, 14, D:2)
  a bat corpse (skeletalised by now)
(22, 16, D:2)
  a +0 short sword
(23, 11, D:2)
  18 stones
(23, 14, D:2)
  a cursed amulet of inaccuracy
(27, 5, D:2)
  11 sling bullets
(30, 40, D:2)
  a +0 dagger
(33, 28, D:2)
  a +0 spear
(34, 49, D:2)
  a +0 club
(35, 26, D:2)
  a frilled lizard corpse
(38, 6, D:2)
  2 stones
(38, 8, D:2)
  a stone
(39, 11, D:2)
  2 stones
(44, 28, D:2)
  a bat corpse
(48, 11, D:2)
  a rat corpse
(50, 15, D:2)
  a bat corpse
(50, 28, D:2)
  a jackal corpse
  a jackal corpse

